Flow report for DDS_Sinwave
Tue Jan 21 19:24:53 2025
Quartus Prime Version 18.1.0 Build 625 09/12/2018 SJ Standard Edition


---------------------
; Table of Contents ;
---------------------
  1. Legal Notice
  2. Flow Summary
  3. Flow Settings
  4. Flow Non-Default Global Settings
  5. Flow Elapsed Time
  6. Flow OS Summary
  7. Flow Log
  8. Flow Messages
  9. Flow Suppressed Messages



----------------
; Legal Notice ;
----------------
Copyright (C) 2018  Intel Corporation. All rights reserved.
Your use of Intel Corporation's design tools, logic functions 
and other software and tools, and its AMPP partner logic 
functions, and any output files from any of the foregoing 
(including device programming or simulation files), and any 
associated documentation or information are expressly subject 
to the terms and conditions of the Intel Program License 
Subscription Agreement, the Intel Quartus Prime License Agreement,
the Intel FPGA IP License Agreement, or other applicable license
agreement, including, without limitation, that your use is for
the sole purpose of programming logic devices manufactured by
Intel and sold by Intel or its authorized distributors.  Please
refer to the applicable agreement for further details.



+--------------------------------------------------------------------------------------+
; Flow Summary                                                                         ;
+------------------------------------+-------------------------------------------------+
; Flow Status                        ; Successful - Tue Jan 21 19:24:53 2025           ;
; Quartus Prime Version              ; 18.1.0 Build 625 09/12/2018 SJ Standard Edition ;
; Revision Name                      ; DDS_Sinwave                                     ;
; Top-level Entity Name              ; DDS_Sinwave                                     ;
; Family                             ; Cyclone IV E                                    ;
; Device                             ; EP4CE6F17C8                                     ;
; Timing Models                      ; Final                                           ;
; Total logic elements               ; 94 / 6,272 ( 1 % )                              ;
;     Total combinational functions  ; 94 / 6,272 ( 1 % )                              ;
;     Dedicated logic registers      ; 32 / 6,272 ( < 1 % )                            ;
; Total registers                    ; 32                                              ;
; Total pins                         ; 46 / 180 ( 26 % )                               ;
; Total virtual pins                 ; 0                                               ;
; Total memory bits                  ; 49,152 / 276,480 ( 18 % )                       ;
; Embedded Multiplier 9-bit elements ; 8 / 30 ( 27 % )                                 ;
; Total PLLs                         ; 1 / 2 ( 50 % )                                  ;
+------------------------------------+-------------------------------------------------+


+-----------------------------------------+
; Flow Settings                           ;
+-------------------+---------------------+
; Option            ; Setting             ;
+-------------------+---------------------+
; Start date & time ; 01/21/2025 19:23:59 ;
; Main task         ; Compilation         ;
; Revision Name     ; DDS_Sinwave         ;
+-------------------+---------------------+


+-----------------------------------------------------------------------------------------------------------------------------+
; Flow Non-Default Global Settings                                                                                            ;
+-------------------------------------+----------------------------------------+---------------+-------------+----------------+
; Assignment Name                     ; Value                                  ; Default Value ; Entity Name ; Section Id     ;
+-------------------------------------+----------------------------------------+---------------+-------------+----------------+
; COMPILER_SIGNATURE_ID               ; 1098225678125.173745863906168          ; --            ; --          ; --             ;
; EDA_OUTPUT_DATA_FORMAT              ; Verilog Hdl                            ; --            ; --          ; eda_simulation ;
; EDA_SIMULATION_TOOL                 ; ModelSim-Altera (Verilog)              ; <None>        ; --          ; --             ;
; EDA_TIME_SCALE                      ; 1 ps                                   ; --            ; --          ; eda_simulation ;
; MAX_CORE_JUNCTION_TEMP              ; 85                                     ; --            ; --          ; --             ;
; MIN_CORE_JUNCTION_TEMP              ; 0                                      ; --            ; --          ; --             ;
; MISC_FILE                           ; PLL_200M_inst.v                        ; --            ; --          ; --             ;
; MISC_FILE                           ; PLL_200M_bb.v                          ; --            ; --          ; --             ;
; MISC_FILE                           ; PLL_200M.ppf                           ; --            ; --          ; --             ;
; MISC_FILE                           ; SINROM_inst.v                          ; --            ; --          ; --             ;
; MISC_FILE                           ; SINROM_bb.v                            ; --            ; --          ; --             ;
; NOMINAL_CORE_SUPPLY_VOLTAGE         ; 1.2V                                   ; --            ; --          ; --             ;
; PARTITION_COLOR                     ; -- (Not supported for targeted family) ; --            ; --          ; Top            ;
; PARTITION_FITTER_PRESERVATION_LEVEL ; -- (Not supported for targeted family) ; --            ; --          ; Top            ;
; PARTITION_NETLIST_TYPE              ; -- (Not supported for targeted family) ; --            ; --          ; Top            ;
; PROJECT_OUTPUT_DIRECTORY            ; output_files                           ; --            ; --          ; --             ;
+-------------------------------------+----------------------------------------+---------------+-------------+----------------+


+--------------------------------------------------------------------------------------------------------------------------+
; Flow Elapsed Time                                                                                                        ;
+----------------------+--------------+-------------------------+---------------------+------------------------------------+
; Module Name          ; Elapsed Time ; Average Processors Used ; Peak Virtual Memory ; Total CPU Time (on all processors) ;
+----------------------+--------------+-------------------------+---------------------+------------------------------------+
; Analysis & Synthesis ; 00:00:09     ; 1.0                     ; 4753 MB             ; 00:00:02                           ;
; Fitter               ; 00:00:09     ; 1.1                     ; 6114 MB             ; 00:00:01                           ;
; Assembler            ; 00:00:01     ; 1.0                     ; 4675 MB             ; 00:00:00                           ;
; Timing Analyzer      ; 00:00:02     ; 1.1                     ; 4849 MB             ; 00:00:00                           ;
; EDA Netlist Writer   ; 00:00:01     ; 1.0                     ; 4646 MB             ; 00:00:00                           ;
; EDA Netlist Writer   ; 00:00:00     ; 1.0                     ; 4627 MB             ; 00:00:00                           ;
; Total                ; 00:00:22     ; --                      ; --                  ; 00:00:03                           ;
+----------------------+--------------+-------------------------+---------------------+------------------------------------+


+------------------------------------------------------------------------------------+
; Flow OS Summary                                                                    ;
+----------------------+------------------+------------+------------+----------------+
; Module Name          ; Machine Hostname ; OS Name    ; OS Version ; Processor type ;
+----------------------+------------------+------------+------------+----------------+
; Analysis & Synthesis ; 下水道彬彬       ; Windows 10 ; 10.0       ; x86_64         ;
; Fitter               ; 下水道彬彬       ; Windows 10 ; 10.0       ; x86_64         ;
; Assembler            ; 下水道彬彬       ; Windows 10 ; 10.0       ; x86_64         ;
; Timing Analyzer      ; 下水道彬彬       ; Windows 10 ; 10.0       ; x86_64         ;
; EDA Netlist Writer   ; 下水道彬彬       ; Windows 10 ; 10.0       ; x86_64         ;
; EDA Netlist Writer   ; 下水道彬彬       ; Windows 10 ; 10.0       ; x86_64         ;
+----------------------+------------------+------------+------------+----------------+


------------
; Flow Log ;
------------
quartus_map --read_settings_files=on --write_settings_files=off DDS_Sinwave -c DDS_Sinwave
quartus_fit --read_settings_files=off --write_settings_files=off DDS_Sinwave -c DDS_Sinwave
quartus_asm --read_settings_files=off --write_settings_files=off DDS_Sinwave -c DDS_Sinwave
quartus_sta DDS_Sinwave -c DDS_Sinwave
quartus_eda --read_settings_files=off --write_settings_files=off DDS_Sinwave -c DDS_Sinwave
quartus_eda --read_settings_files=on --write_settings_files=off DDS_Sinwave -c DDS_Sinwave --gen_testbench



